#
# There is insufficient memory for the Java Runtime Environment to continue.
# Native memory allocation (malloc) failed to allocate 1487264 bytes for Chunk::new
# Possible reasons:
#   The system is out of physical RAM or swap space
#   The process is running with CompressedOops enabled, and the Java Heap may be blocking the growth of the native heap
# Possible solutions:
#   Reduce memory load on the system
#   Increase physical memory or swap space
#   Check if swap backing store is full
#   Decrease Java heap size (-Xmx/-Xms)
#   Decrease number of Java threads
#   Decrease Java thread stack sizes (-Xss)
#   Set larger code cache with -XX:ReservedCodeCacheSize=
#   JVM is running with Unscaled Compressed Oops mode in which the Java heap is
#     placed in the first 4GB address space. The Java Heap base address is the
#     maximum limit for the native heap growth. Please use -XX:HeapBaseMinAddress
#     to set the Java Heap base and to place the Java Heap above 4GB virtual address.
# This output file may be truncated or incomplete.
#
#  Out of Memory Error (allocation.cpp:389), pid=7764, tid=0x0000000000002578
#
# JRE version: OpenJDK Runtime Environment (8.0_242-b01) (build 1.8.0_242-release-1644-b01)
# Java VM: OpenJDK 64-Bit Server VM (25.242-b01 mixed mode windows-amd64 compressed oops)
# Failed to write core dump. Minidumps are not enabled by default on client versions of Windows
#

---------------  T H R E A D  ---------------

Current thread (0x00000000175f8000):  JavaThread "C2 CompilerThread0" daemon [_thread_in_native, id=9592, stack(0x0000000018c60000,0x0000000018d60000)]

Stack: [0x0000000018c60000,0x0000000018d60000]
[error occurred during error reporting (printing stack bounds), id 0xc0000005]

Native frames: (J=compiled Java code, j=interpreted, Vv=VM code, C=native code)


Current CompileTask:
C2:  30535 4287       4       org.objectweb.asm.ClassReader::readCode (5109 bytes)


---------------  P R O C E S S  ---------------

Java Threads: ( => current thread )
  0x000000001a18a800 JavaThread "Cache worker for file content cache (C:\Users\Packard Bell\.gradle\caches\7.0.2\fileContent)" [_thread_blocked, id=4120, stack(0x0000000021200000,0x0000000021300000)]
  0x000000001a189000 JavaThread "Cache worker for execution history cache (C:\Users\Packard Bell\.gradle\caches\7.0.2\executionHistory)" [_thread_blocked, id=4268, stack(0x0000000020700000,0x0000000020800000)]
  0x000000001a18c000 JavaThread "Cache worker for cache directory md-rule (C:\Users\Packard Bell\.gradle\caches\7.0.2\md-rule)" [_thread_blocked, id=7872, stack(0x0000000020600000,0x0000000020700000)]
  0x000000001a186800 JavaThread "Cache worker for cache directory md-supplier (C:\Users\Packard Bell\.gradle\caches\7.0.2\md-supplier)" [_thread_blocked, id=4320, stack(0x0000000020300000,0x0000000020400000)]
  0x000000001b477000 JavaThread "Cache worker for checksums cache (C:\Users\Packard Bell\AndroidStudioProjects\CrowdGenerator\.gradle\checksums)" [_thread_blocked, id=4328, stack(0x0000000020200000,0x0000000020300000)]
  0x000000001b474000 JavaThread "jar transforms Thread 4" [_thread_blocked, id=4620, stack(0x000000001ff00000,0x0000000020000000)]
  0x000000001b47a000 JavaThread "jar transforms Thread 3" [_thread_in_Java, id=9880, stack(0x000000001fe00000,0x000000001ff00000)]
  0x000000001b479800 JavaThread "jar transforms Thread 2" [_thread_blocked, id=5960, stack(0x000000001fd00000,0x000000001fe00000)]
  0x000000001b476800 JavaThread "jar transforms" [_thread_blocked, id=3536, stack(0x000000001fc00000,0x000000001fd00000)]
  0x000000001b47b000 JavaThread "File watcher consumer" daemon [_thread_blocked, id=6560, stack(0x000000001fb00000,0x000000001fc00000)]
  0x000000001b478800 JavaThread "File watcher server" daemon [_thread_in_native, id=5080, stack(0x000000001fa00000,0x000000001fb00000)]
  0x000000001b478000 JavaThread "Cache worker for file hash cache (C:\Users\Packard Bell\AndroidStudioProjects\CrowdGenerator\.gradle\7.0.2\fileHashes)" [_thread_blocked, id=9968, stack(0x000000001e660000,0x000000001e760000)]
  0x000000001b475800 JavaThread "Cache worker for journal cache (C:\Users\Packard Bell\.gradle\caches\journal-1)" [_thread_blocked, id=7040, stack(0x000000001e560000,0x000000001e660000)]
  0x000000001b475000 JavaThread "File lock request listener" [_thread_in_native, id=580, stack(0x000000001d290000,0x000000001d390000)]
  0x000000001aee1800 JavaThread "Cache worker for file hash cache (C:\Users\Packard Bell\.gradle\caches\7.0.2\fileHashes)" [_thread_blocked, id=228, stack(0x000000001d190000,0x000000001d290000)]
  0x000000001ae05800 JavaThread "Daemon client event forwarder" [_thread_blocked, id=2948, stack(0x000000001ce90000,0x000000001cf90000)]
  0x000000001ae02800 JavaThread "Stdin handler" [_thread_blocked, id=8832, stack(0x000000001cd90000,0x000000001ce90000)]
  0x000000001adfe000 JavaThread "Asynchronous log dispatcher for DefaultDaemonConnection: socket connection from /127.0.0.1:57674 to /127.0.0.1:57675" [_thread_blocked, id=4776, stack(0x000000001cc90000,0x000000001cd90000)]
  0x000000001ae30800 JavaThread "Daemon worker" [_thread_blocked, id=1940, stack(0x000000001cb90000,0x000000001cc90000)]
  0x000000001ae2f800 JavaThread "Cancel handler" [_thread_blocked, id=5272, stack(0x000000001ca90000,0x000000001cb90000)]
  0x000000001a09e000 JavaThread "Handler for socket connection from /127.0.0.1:57674 to /127.0.0.1:57675" [_thread_in_native, id=7776, stack(0x000000001c990000,0x000000001ca90000)]
  0x000000001a09d000 JavaThread "Daemon" [_thread_blocked, id=2312, stack(0x000000001c890000,0x000000001c990000)]
  0x000000001ab31800 JavaThread "Daemon periodic checks" [_thread_blocked, id=7924, stack(0x000000001c590000,0x000000001c690000)]
  0x000000001ab2f800 JavaThread "Incoming local TCP Connector on port 57674" [_thread_in_native, id=6836, stack(0x000000001c340000,0x000000001c440000)]
  0x000000001acad800 JavaThread "Daemon health stats" [_thread_blocked, id=7048, stack(0x000000001bf00000,0x000000001c000000)]
  0x000000001764e800 JavaThread "Service Thread" daemon [_thread_blocked, id=8608, stack(0x0000000019360000,0x0000000019460000)]
  0x000000001760c800 JavaThread "C1 CompilerThread2" daemon [_thread_blocked, id=6632, stack(0x0000000018e60000,0x0000000018f60000)]
  0x0000000017607800 JavaThread "C2 CompilerThread1" daemon [_thread_in_native, id=8676, stack(0x0000000018d60000,0x0000000018e60000)]
=>0x00000000175f8000 JavaThread "C2 CompilerThread0" daemon [_thread_in_native, id=9592, stack(0x0000000018c60000,0x0000000018d60000)]
  0x00000000175f6000 JavaThread "Attach Listener" daemon [_thread_blocked, id=9896, stack(0x0000000018b60000,0x0000000018c60000)]
  0x00000000175f5000 JavaThread "Signal Dispatcher" daemon [_thread_blocked, id=2748, stack(0x0000000018a60000,0x0000000018b60000)]
  0x00000000029cb000 JavaThread "Finalizer" daemon [_thread_blocked, id=8444, stack(0x0000000018850000,0x0000000018950000)]
  0x00000000175d9000 JavaThread "Reference Handler" daemon [_thread_blocked, id=1648, stack(0x0000000018750000,0x0000000018850000)]
  0x00000000028ae000 JavaThread "main" [_thread_blocked, id=8544, stack(0x0000000002730000,0x0000000002830000)]

Other Threads:
  0x00000000175b7000 VMThread [stack: 0x0000000018650000,0x0000000018750000] [id=7504]
  0x0000000018f91800 WatcherThread [stack: 0x0000000019460000,0x0000000019560000] [id=2672]

VM state:not at safepoint (normal execution)

VM Mutex/Monitor currently owned by a thread: None

heap address: 0x0000000080000000, size: 2048 MB, Compressed Oops mode: 32-bit
Narrow klass base: 0x0000000000000000, Narrow klass shift: 3
Compressed class space size: 1073741824 Address: 0x0000000100000000

Heap:
 PSYoungGen      total 272384K, used 254694K [0x00000000d5580000, 0x00000000e7180000, 0x0000000100000000)
  eden space 261120K, 97% used [0x00000000d5580000,0x00000000e4d81a80,0x00000000e5480000)
  from space 11264K, 6% used [0x00000000e5480000,0x00000000e5538000,0x00000000e5f80000)
  to   space 11264K, 0% used [0x00000000e5f80000,0x00000000e5f80000,0x00000000e6a80000)
 ParOldGen       total 72704K, used 26993K [0x0000000080000000, 0x0000000084700000, 0x00000000d5580000)
  object space 72704K, 37% used [0x0000000080000000,0x0000000081a5c7a0,0x0000000084700000)
 Metaspace       used 39164K, capacity 40955K, committed 41216K, reserved 1085440K
  class space    used 5465K, capacity 5858K, committed 5888K, reserved 1048576K

Card table byte_map: [0x0000000011d90000,0x00000000121a0000] byte_map_base: 0x0000000011990000

Marking Bits: (ParMarkBitMap*) 0x00000000654df030
 Begin Bits: [0x0000000012850000, 0x0000000014850000)
 End Bits:   [0x0000000014850000, 0x0000000016850000)

Polling page: 0x0000000000f20000

CodeCache: size=245760Kb used=15533Kb max_used=15547Kb free=230226Kb
 bounds [0x00000000029d0000, 0x0000000003930000, 0x00000000119d0000]
 total_blobs=4491 nmethods=3766 adapters=637
 compilation: enabled

Compilation events (10 events):
Event: 30.344 Thread 0x0000000017607800 nmethod 4294 0x00000000038cb190 code [0x00000000038cb340, 0x00000000038cbbc0]
Event: 30.344 Thread 0x0000000017607800 4292       4       org.gradle.internal.classpath.InstrumentingBackwardsCompatibilityVisitor::fixAsmObjectForBackwardsCompatibility (44 bytes)
Event: 30.355 Thread 0x000000001760c800 4295       3       org.objectweb.asm.SymbolTable::addBootstrapMethod (209 bytes)
Event: 30.357 Thread 0x000000001760c800 nmethod 4295 0x0000000002e36650 code [0x0000000002e36880, 0x0000000002e37678]
Event: 30.424 Thread 0x0000000017607800 nmethod 4292 0x00000000038ff210 code [0x00000000038ff680, 0x00000000039011e8]
Event: 30.424 Thread 0x0000000017607800 4297       4       org.objectweb.asm.MethodVisitor::visitTypeAnnotation (41 bytes)
Event: 30.428 Thread 0x0000000017607800 nmethod 4297 0x0000000002cc1f50 code [0x0000000002cc20e0, 0x0000000002cc23c0]
Event: 30.428 Thread 0x0000000017607800 4296       4       org.objectweb.asm.MethodVisitor::visitIntInsn (17 bytes)
Event: 30.443 Thread 0x0000000017607800 nmethod 4296 0x0000000002e3a4d0 code [0x0000000002e3a680, 0x0000000002e3b1e8]
Event: 30.443 Thread 0x0000000017607800 4254       4       org.apache.tools.zip.ZipOutputStream::putNextEntry (249 bytes)

GC Heap History (10 events):
Event: 27.595 GC heap before
{Heap before GC invocations=17 (full 2):
 PSYoungGen      total 192000K, used 185824K [0x00000000d5580000, 0x00000000e2000000, 0x0000000100000000)
  eden space 184832K, 100% used [0x00000000d5580000,0x00000000e0a00000,0x00000000e0a00000)
  from space 7168K, 13% used [0x00000000e1900000,0x00000000e19f8000,0x00000000e2000000)
  to   space 8704K, 0% used [0x00000000e1080000,0x00000000e1080000,0x00000000e1900000)
 ParOldGen       total 72704K, used 18337K [0x0000000080000000, 0x0000000084700000, 0x00000000d5580000)
  object space 72704K, 25% used [0x0000000080000000,0x00000000811e8770,0x0000000084700000)
 Metaspace       used 39162K, capacity 40955K, committed 41216K, reserved 1085440K
  class space    used 5465K, capacity 5858K, committed 5888K, reserved 1048576K
Event: 27.609 GC heap after
Heap after GC invocations=17 (full 2):
 PSYoungGen      total 200192K, used 448K [0x00000000d5580000, 0x00000000e6a80000, 0x0000000100000000)
  eden space 191488K, 0% used [0x00000000d5580000,0x00000000d5580000,0x00000000e1080000)
  from space 8704K, 5% used [0x00000000e1080000,0x00000000e10f0010,0x00000000e1900000)
  to   space 11264K, 0% used [0x00000000e5f80000,0x00000000e5f80000,0x00000000e6a80000)
 ParOldGen       total 72704K, used 19209K [0x0000000080000000, 0x0000000084700000, 0x00000000d5580000)
  object space 72704K, 26% used [0x0000000080000000,0x00000000812c2770,0x0000000084700000)
 Metaspace       used 39162K, capacity 40955K, committed 41216K, reserved 1085440K
  class space    used 5465K, capacity 5858K, committed 5888K, reserved 1048576K
}
Event: 27.977 GC heap before
{Heap before GC invocations=18 (full 2):
 PSYoungGen      total 200192K, used 191936K [0x00000000d5580000, 0x00000000e6a80000, 0x0000000100000000)
  eden space 191488K, 100% used [0x00000000d5580000,0x00000000e1080000,0x00000000e1080000)
  from space 8704K, 5% used [0x00000000e1080000,0x00000000e10f0010,0x00000000e1900000)
  to   space 11264K, 0% used [0x00000000e5f80000,0x00000000e5f80000,0x00000000e6a80000)
 ParOldGen       total 72704K, used 19209K [0x0000000080000000, 0x0000000084700000, 0x00000000d5580000)
  object space 72704K, 26% used [0x0000000080000000,0x00000000812c2770,0x0000000084700000)
 Metaspace       used 39162K, capacity 40955K, committed 41216K, reserved 1085440K
  class space    used 5465K, capacity 5858K, committed 5888K, reserved 1048576K
Event: 27.981 GC heap after
Heap after GC invocations=18 (full 2):
 PSYoungGen      total 272384K, used 320K [0x00000000d5580000, 0x00000000e7180000, 0x0000000100000000)
  eden space 261120K, 0% used [0x00000000d5580000,0x00000000d5580000,0x00000000e5480000)
  from space 11264K, 2% used [0x00000000e5f80000,0x00000000e5fd0000,0x00000000e6a80000)
  to   space 11264K, 0% used [0x00000000e5480000,0x00000000e5480000,0x00000000e5f80000)
 ParOldGen       total 72704K, used 19585K [0x0000000080000000, 0x0000000084700000, 0x00000000d5580000)
  object space 72704K, 26% used [0x0000000080000000,0x0000000081320780,0x0000000084700000)
 Metaspace       used 39162K, capacity 40955K, committed 41216K, reserved 1085440K
  class space    used 5465K, capacity 5858K, committed 5888K, reserved 1048576K
}
Event: 28.487 GC heap before
{Heap before GC invocations=19 (full 2):
 PSYoungGen      total 272384K, used 261440K [0x00000000d5580000, 0x00000000e7180000, 0x0000000100000000)
  eden space 261120K, 100% used [0x00000000d5580000,0x00000000e5480000,0x00000000e5480000)
  from space 11264K, 2% used [0x00000000e5f80000,0x00000000e5fd0000,0x00000000e6a80000)
  to   space 11264K, 0% used [0x00000000e5480000,0x00000000e5480000,0x00000000e5f80000)
 ParOldGen       total 72704K, used 19585K [0x0000000080000000, 0x0000000084700000, 0x00000000d5580000)
  object space 72704K, 26% used [0x0000000080000000,0x0000000081320780,0x0000000084700000)
 Metaspace       used 39164K, capacity 40955K, committed 41216K, reserved 1085440K
  class space    used 5465K, capacity 5858K, committed 5888K, reserved 1048576K
Event: 28.491 GC heap after
Heap after GC invocations=19 (full 2):
 PSYoungGen      total 272384K, used 576K [0x00000000d5580000, 0x00000000e7180000, 0x0000000100000000)
  eden space 261120K, 0% used [0x00000000d5580000,0x00000000d5580000,0x00000000e5480000)
  from space 11264K, 5% used [0x00000000e5480000,0x00000000e5510000,0x00000000e5f80000)
  to   space 11264K, 0% used [0x00000000e5f80000,0x00000000e5f80000,0x00000000e6a80000)
 ParOldGen       total 72704K, used 19865K [0x0000000080000000, 0x0000000084700000, 0x00000000d5580000)
  object space 72704K, 27% used [0x0000000080000000,0x0000000081366780,0x0000000084700000)
 Metaspace       used 39164K, capacity 40955K, committed 41216K, reserved 1085440K
  class space    used 5465K, capacity 5858K, committed 5888K, reserved 1048576K
}
Event: 29.466 GC heap before
{Heap before GC invocations=20 (full 2):
 PSYoungGen      total 272384K, used 261696K [0x00000000d5580000, 0x00000000e7180000, 0x0000000100000000)
  eden space 261120K, 100% used [0x00000000d5580000,0x00000000e5480000,0x00000000e5480000)
  from space 11264K, 5% used [0x00000000e5480000,0x00000000e5510000,0x00000000e5f80000)
  to   space 11264K, 0% used [0x00000000e5f80000,0x00000000e5f80000,0x00000000e6a80000)
 ParOldGen       total 72704K, used 19865K [0x0000000080000000, 0x0000000084700000, 0x00000000d5580000)
  object space 72704K, 27% used [0x0000000080000000,0x0000000081366780,0x0000000084700000)
 Metaspace       used 39164K, capacity 40955K, committed 41216K, reserved 1085440K
  class space    used 5465K, capacity 5858K, committed 5888K, reserved 1048576K
Event: 29.485 GC heap after
Heap after GC invocations=20 (full 2):
 PSYoungGen      total 272384K, used 6692K [0x00000000d5580000, 0x00000000e7180000, 0x0000000100000000)
  eden space 261120K, 0% used [0x00000000d5580000,0x00000000d5580000,0x00000000e5480000)
  from space 11264K, 59% used [0x00000000e5f80000,0x00000000e6609010,0x00000000e6a80000)
  to   space 11264K, 0% used [0x00000000e5480000,0x00000000e5480000,0x00000000e5f80000)
 ParOldGen       total 72704K, used 20401K [0x0000000080000000, 0x0000000084700000, 0x00000000d5580000)
  object space 72704K, 28% used [0x0000000080000000,0x00000000813ec780,0x0000000084700000)
 Metaspace       used 39164K, capacity 40955K, committed 41216K, reserved 1085440K
  class space    used 5465K, capacity 5858K, committed 5888K, reserved 1048576K
}
Event: 30.070 GC heap before
{Heap before GC invocations=21 (full 2):
 PSYoungGen      total 272384K, used 267812K [0x00000000d5580000, 0x00000000e7180000, 0x0000000100000000)
  eden space 261120K, 100% used [0x00000000d5580000,0x00000000e5480000,0x00000000e5480000)
  from space 11264K, 59% used [0x00000000e5f80000,0x00000000e6609010,0x00000000e6a80000)
  to   space 11264K, 0% used [0x00000000e5480000,0x00000000e5480000,0x00000000e5f80000)
 ParOldGen       total 72704K, used 20401K [0x0000000080000000, 0x0000000084700000, 0x00000000d5580000)
  object space 72704K, 28% used [0x0000000080000000,0x00000000813ec780,0x0000000084700000)
 Metaspace       used 39164K, capacity 40955K, committed 41216K, reserved 1085440K
  class space    used 5465K, capacity 5858K, committed 5888K, reserved 1048576K
Event: 30.084 GC heap after
Heap after GC invocations=21 (full 2):
 PSYoungGen      total 272384K, used 736K [0x00000000d5580000, 0x00000000e7180000, 0x0000000100000000)
  eden space 261120K, 0% used [0x00000000d5580000,0x00000000d5580000,0x00000000e5480000)
  from space 11264K, 6% used [0x00000000e5480000,0x00000000e5538000,0x00000000e5f80000)
  to   space 11264K, 0% used [0x00000000e5f80000,0x00000000e5f80000,0x00000000e6a80000)
 ParOldGen       total 72704K, used 26993K [0x0000000080000000, 0x0000000084700000, 0x00000000d5580000)
  object space 72704K, 37% used [0x0000000080000000,0x0000000081a5c7a0,0x0000000084700000)
 Metaspace       used 39164K, capacity 40955K, committed 41216K, reserved 1085440K
  class space    used 5465K, capacity 5858K, committed 5888K, reserved 1048576K
}

Deoptimization events (10 events):
Event: 24.190 Thread 0x000000001b474000 Uncommon trap: reason=unstable_if action=reinterpret pc=0x000000000363ba90 method=org.objectweb.asm.ClassReader.readUtf(II[C)Ljava/lang/String; @ 69
Event: 25.195 Thread 0x000000001b474000 Uncommon trap: reason=unstable_if action=reinterpret pc=0x00000000036a65c8 method=org.objectweb.asm.SymbolTable.addConstantUtf8(Ljava/lang/String;)I @ 40
Event: 25.892 Thread 0x000000001b47a000 Uncommon trap: reason=null_check action=make_not_entrant pc=0x000000000374c8a4 method=org.gradle.api.internal.file.archive.impl.StreamZipInput$1.computeNext()Lorg/gradle/api/internal/file/archive/ZipEntry; @ 32
Event: 25.894 Thread 0x000000001b47a000 Uncommon trap: reason=unstable_if action=reinterpret pc=0x00000000036df7e4 method=java.util.zip.ZipInputStream.readLOC()Ljava/util/zip/ZipEntry; @ 264
Event: 26.201 Thread 0x000000001b47a000 Uncommon trap: reason=unstable_if action=reinterpret pc=0x00000000036561a4 method=org.objectweb.asm.ClassReader.readUtf(II[C)Ljava/lang/String; @ 69
Event: 26.649 Thread 0x000000001b47a000 Uncommon trap: reason=unstable_if action=reinterpret pc=0x000000000376a890 method=org.objectweb.asm.ClassReader.readCode(Lorg/objectweb/asm/MethodVisitor;Lorg/objectweb/asm/Context;I)V @ 1822
Event: 26.649 Thread 0x000000001b47a000 Uncommon trap: reason=unstable_if action=reinterpret pc=0x0000000002cc572c method=org.objectweb.asm.ClassReader.readElementValues(Lorg/objectweb/asm/AnnotationVisitor;IZ[C)I @ 78
Event: 28.166 Thread 0x000000001b47a000 Uncommon trap: reason=unstable_if action=reinterpret pc=0x0000000002fbfffc method=org.objectweb.asm.MethodWriter.visitFrame(II[Ljava/lang/Object;I[Ljava/lang/Object;)V @ 771
Event: 29.328 Thread 0x000000001b47a000 Uncommon trap: reason=unstable_if action=reinterpret pc=0x000000000384e2f4 method=org.objectweb.asm.ClassReader.readMethod(Lorg/objectweb/asm/ClassVisitor;Lorg/objectweb/asm/Context;I)I @ 396
Event: 29.507 Thread 0x000000001b47a000 Uncommon trap: reason=unstable_if action=reinterpret pc=0x00000000037938ac method=org.objectweb.asm.AnnotationWriter.visit(Ljava/lang/String;Ljava/lang/Object;)V @ 226

Classes redefined (0 events):
No events

Internal exceptions (10 events):
Event: 23.649 Thread 0x000000001ae30800 Exception <a 'java/lang/IncompatibleClassChangeError': Found class java.lang.Object, but interface was expected> (0x00000000d8ecaa98) thrown at [C:\src\AOSP-openjdk-git\hotspot\src\share\vm\interpreter\linkResolver.cpp, line 653]
Event: 23.650 Thread 0x000000001ae30800 Exception <a 'java/lang/NoSuchMethodError': java.lang.Object.lambda$thenComparing$36697e65$1(Ljava/util/Comparator;Ljava/lang/Object;Ljava/lang/Object;)I> (0x00000000d8ed6470) thrown at [C:\src\AOSP-openjdk-git\hotspot\src\share\vm\interpreter\linkResolve
Event: 23.857 Thread 0x000000001ae30800 Exception <a 'java/lang/NoSuchMethodError': java.lang.Object.lambda$static$0()Z> (0x00000000d988e4a8) thrown at [C:\src\AOSP-openjdk-git\hotspot\src\share\vm\interpreter\linkResolver.cpp, line 620]
Event: 24.068 Thread 0x000000001b474000 Exception <a 'sun/nio/fs/WindowsException'> (0x00000000d9b928d0) thrown at [C:\src\AOSP-openjdk-git\hotspot\src\share\vm\prims\jni.cpp, line 710]
Event: 24.115 Thread 0x000000001b474000 Implicit null exception at 0x00000000035e0814 to 0x00000000035e2709
Event: 25.289 Thread 0x000000001b474000 Exception <a 'sun/nio/fs/WindowsException'> (0x00000000dd323828) thrown at [C:\src\AOSP-openjdk-git\hotspot\src\share\vm\prims\jni.cpp, line 710]
Event: 25.291 Thread 0x000000001b474000 Exception <a 'sun/nio/fs/WindowsException'> (0x00000000dd323bd0) thrown at [C:\src\AOSP-openjdk-git\hotspot\src\share\vm\prims\jni.cpp, line 710]
Event: 25.892 Thread 0x000000001b47a000 Implicit null exception at 0x000000000374bf7b to 0x000000000374c899
Event: 25.893 Thread 0x000000001b47a000 Exception <a 'sun/nio/fs/WindowsException'> (0x00000000dd8c3158) thrown at [C:\src\AOSP-openjdk-git\hotspot\src\share\vm\prims\jni.cpp, line 710]
Event: 26.649 Thread 0x000000001b47a000 Implicit null exception at 0x0000000002cc5569 to 0x0000000002cc5719

Events (10 events):
Event: 30.285 Thread 0x000000001b47a000 DEOPT PACKING pc=0x0000000003823fef sp=0x000000001fefe3a0
Event: 30.285 Thread 0x000000001b47a000 DEOPT UNPACKING pc=0x0000000002a175d0 sp=0x000000001fefe298 mode 0
Event: 30.338 Thread 0x000000001b47a000 DEOPT PACKING pc=0x0000000003823669 sp=0x000000001fefe3a0
Event: 30.338 Thread 0x000000001b47a000 DEOPT UNPACKING pc=0x0000000002a175d0 sp=0x000000001fefe298 mode 0
Event: 30.397 Thread 0x000000001b47a000 DEOPT PACKING pc=0x0000000003823fef sp=0x000000001fefe3a0
Event: 30.397 Thread 0x000000001b47a000 DEOPT UNPACKING pc=0x0000000002a175d0 sp=0x000000001fefe298 mode 0
Event: 30.435 Thread 0x000000001b47a000 DEOPT PACKING pc=0x0000000003823669 sp=0x000000001fefe3a0
Event: 30.435 Thread 0x000000001b47a000 DEOPT UNPACKING pc=0x0000000002a175d0 sp=0x000000001fefe298 mode 0
Event: 30.467 Thread 0x000000001b47a000 DEOPT PACKING pc=0x0000000003823669 sp=0x000000001fefe3a0
Event: 30.467 Thread 0x000000001b47a000 DEOPT UNPACKING pc=0x0000000002a175d0 sp=0x000000001fefe298 mode 0


Dynamic libraries:
0x00007ff67e730000 - 0x00007ff67e761000 	C:\Program Files\Android\Android Studio\jre\bin\java.exe
0x00007ff88d670000 - 0x00007ff88d865000 	C:\WINDOWS\SYSTEM32\ntdll.dll
0x00007ff88cc10000 - 0x00007ff88cccd000 	C:\WINDOWS\System32\KERNEL32.DLL
0x00007ff88b170000 - 0x00007ff88b439000 	C:\WINDOWS\System32\KERNELBASE.dll
0x00007ff88bfd0000 - 0x00007ff88c07c000 	C:\WINDOWS\System32\ADVAPI32.dll
0x00007ff88b940000 - 0x00007ff88b9de000 	C:\WINDOWS\System32\msvcrt.dll
0x00007ff88cac0000 - 0x00007ff88cb5b000 	C:\WINDOWS\System32\sechost.dll
0x00007ff88c990000 - 0x00007ff88caba000 	C:\WINDOWS\System32\RPCRT4.dll
0x00007ff88d490000 - 0x00007ff88d630000 	C:\WINDOWS\System32\USER32.dll
0x00007ff88af70000 - 0x00007ff88af92000 	C:\WINDOWS\System32\win32u.dll
0x00007ff88ba40000 - 0x00007ff88ba6a000 	C:\WINDOWS\System32\GDI32.dll
0x00007ff88b060000 - 0x00007ff88b16b000 	C:\WINDOWS\System32\gdi32full.dll
0x00007ff88b640000 - 0x00007ff88b6dd000 	C:\WINDOWS\System32\msvcp_win.dll
0x00007ff88b540000 - 0x00007ff88b640000 	C:\WINDOWS\System32\ucrtbase.dll
0x00007ff8782a0000 - 0x00007ff87853a000 	C:\WINDOWS\WinSxS\amd64_microsoft.windows.common-controls_6595b64144ccf1df_6.0.19041.1110_none_60b5254171f9507e\COMCTL32.dll
0x00007ff88c8a0000 - 0x00007ff88c8d0000 	C:\WINDOWS\System32\IMM32.DLL
0x0000000064c30000 - 0x0000000064d02000 	C:\Program Files\Android\Android Studio\jre\jre\bin\msvcr100.dll
0x0000000064d10000 - 0x000000006555b000 	C:\Program Files\Android\Android Studio\jre\jre\bin\server\jvm.dll
0x00007ff88b930000 - 0x00007ff88b938000 	C:\WINDOWS\System32\PSAPI.DLL
0x00007ff879480000 - 0x00007ff8794a7000 	C:\WINDOWS\SYSTEM32\WINMM.dll
0x00007ff87b200000 - 0x00007ff87b20a000 	C:\WINDOWS\SYSTEM32\VERSION.dll
0x00007ff8851a0000 - 0x00007ff8851a9000 	C:\WINDOWS\SYSTEM32\WSOCK32.dll
0x00007ff88c230000 - 0x00007ff88c29b000 	C:\WINDOWS\System32\WS2_32.dll
0x00007ff8869a0000 - 0x00007ff8869af000 	C:\Program Files\Android\Android Studio\jre\jre\bin\verify.dll
0x00007ff87cb80000 - 0x00007ff87cba9000 	C:\Program Files\Android\Android Studio\jre\jre\bin\java.dll
0x00007ff87caa0000 - 0x00007ff87cab6000 	C:\Program Files\Android\Android Studio\jre\jre\bin\zip.dll
0x00007ff88cd50000 - 0x00007ff88d48f000 	C:\WINDOWS\System32\SHELL32.dll
0x00007ff888ee0000 - 0x00007ff889671000 	C:\WINDOWS\SYSTEM32\windows.storage.dll
0x00007ff88c460000 - 0x00007ff88c7b5000 	C:\WINDOWS\System32\combase.dll
0x00007ff88a750000 - 0x00007ff88a77c000 	C:\WINDOWS\SYSTEM32\Wldp.dll
0x00007ff88cb60000 - 0x00007ff88cc0e000 	C:\WINDOWS\System32\SHCORE.dll
0x00007ff88b9e0000 - 0x00007ff88ba35000 	C:\WINDOWS\System32\shlwapi.dll
0x00007ff88acf0000 - 0x00007ff88ad0f000 	C:\WINDOWS\SYSTEM32\profapi.dll
0x00007ff87c7f0000 - 0x00007ff87c80a000 	C:\Program Files\Android\Android Studio\jre\jre\bin\net.dll
0x00007ff88a4b0000 - 0x00007ff88a51a000 	C:\WINDOWS\system32\mswsock.dll
0x00007ff87bd20000 - 0x00007ff87bd33000 	C:\Program Files\Android\Android Studio\jre\jre\bin\nio.dll
0x00007ff87c1c0000 - 0x00007ff87c1e7000 	C:\Users\Packard Bell\.gradle\native\8bec1ad78214c89d9ad589b4d07fe93259594b29d510b10fafb7a158f7737e5d\windows-amd64\native-platform.dll
0x00007ff877100000 - 0x00007ff87723d000 	C:\Users\Packard Bell\.gradle\native\53dbd7edfb1c66fb8903c78663c9afc45aea4f116125fa6feffd364cf09443e8\windows-amd64\native-platform-file-events.dll
0x00007ff886350000 - 0x00007ff88635d000 	C:\Program Files\Android\Android Studio\jre\jre\bin\management.dll
0x00007ff88a690000 - 0x00007ff88a6a8000 	C:\WINDOWS\SYSTEM32\CRYPTSP.dll
0x00007ff889e50000 - 0x00007ff889e84000 	C:\WINDOWS\system32\rsaenh.dll
0x00007ff88afa0000 - 0x00007ff88afc7000 	C:\WINDOWS\System32\bcrypt.dll
0x00007ff88acb0000 - 0x00007ff88acde000 	C:\WINDOWS\SYSTEM32\USERENV.dll
0x00007ff88afd0000 - 0x00007ff88b053000 	C:\WINDOWS\System32\bcryptprimitives.dll
0x00007ff88a6b0000 - 0x00007ff88a6bc000 	C:\WINDOWS\SYSTEM32\CRYPTBASE.dll
0x00007ff88a1a0000 - 0x00007ff88a1db000 	C:\WINDOWS\SYSTEM32\IPHLPAPI.DLL
0x00007ff88c8d0000 - 0x00007ff88c8d8000 	C:\WINDOWS\System32\NSI.dll
0x00007ff880880000 - 0x00007ff880897000 	C:\WINDOWS\SYSTEM32\dhcpcsvc6.DLL
0x00007ff880950000 - 0x00007ff88096d000 	C:\WINDOWS\SYSTEM32\dhcpcsvc.DLL
0x00007ff88a1e0000 - 0x00007ff88a2ac000 	C:\WINDOWS\SYSTEM32\DNSAPI.dll

VM Arguments:
jvm_args: -Xmx2048m -Dfile.encoding=UTF-8 -Duser.country=RU -Duser.language=ru -Duser.variant 
java_command: org.gradle.launcher.daemon.bootstrap.GradleDaemon 7.0.2
java_class_path (initial): C:\Users\Packard Bell\.gradle\wrapper\dists\gradle-7.0.2-bin\857tjihv64xamwrf0h14cai3r\gradle-7.0.2\lib\gradle-launcher-7.0.2.jar
Launcher Type: SUN_STANDARD

Environment Variables:
PATH=C:\WINDOWS\system32;C:\WINDOWS;C:\WINDOWS\System32\Wbem;C:\WINDOWS\System32\WindowsPowerShell\v1.0\;C:\WINDOWS\System32\OpenSSH\;C:\Program Files\Common Files\Autodesk Shared\;C:\Program Files\Microsoft SQL Server\120\Tools\Binn\;C:\Program Files\Git\cmd;C:\Users\Packard Bell\AppData\Local\Microsoft\WindowsApps;;C:\Program Files\JetBrains\IntelliJ IDEA Community Edition 2020.3.2\bin;
USERNAME=Packard Bell
OS=Windows_NT
PROCESSOR_IDENTIFIER=Intel64 Family 6 Model 58 Stepping 9, GenuineIntel



---------------  S Y S T E M  ---------------

OS: Windows 10.0 , 64 bit Build 19041 (10.0.19041.1023)

CPU:total 4 (initial active 4) (2 cores per cpu, 2 threads per core) family 6 model 58 stepping 9, cmov, cx8, fxsr, mmx, sse, sse2, sse3, ssse3, sse4.1, sse4.2, popcnt, avx, clmul, erms, ht, tsc, tscinvbit, tscinv

Memory: 4k page, physical 6105364k(239172k free), swap 6105364k(6024k free)

vm_info: OpenJDK 64-Bit Server VM (25.242-b01) for windows-amd64 JRE (1.8.0_242-release-1644-b01), built by "builder" with MS VC++ 10.0 (VS2010)

time: Fri Sep 03 20:34:52 2021
timezone: RTZ 4 (зима)
elapsed time: 31 seconds (0d 0h 0m 31s)

